<?xml version="1.0" encoding="UTF-8"?>
<!-- Generated by org.testng.reporters.JUnitReportReporter -->
<testsuite hostname="Hope" failures="0" tests="1" name="scripts.Test1" time="8.879" errors="0" timestamp="2023-03-08T09:12:56 IST" skipped="0">
  <testcase classname="scripts.Test1" name="testA" time="8.879"/>
  <system-out>
    <![CDATA[Google
XL: Pawan]]>
  </system-out>
</testsuite> <!-- scripts.Test1 -->
