<?xml version="1.0" encoding="UTF-8"?>
<!-- Generated by org.testng.reporters.JUnitReportReporter -->
<testsuite hostname="Hope" failures="0" tests="1" name="scripts.ActiTimeInvalidLoginTest" time="10.444" errors="0" timestamp="2023-03-08T13:46:54 IST" skipped="0">
  <testcase classname="scripts.ActiTimeInvalidLoginTest" name="VerifyInvalidLogin" time="10.444"/>
  <system-out>
    <![CDATA[Error Message is displayed]]>
  </system-out>
</testsuite> <!-- scripts.ActiTimeInvalidLoginTest -->
