<?xml version="1.0" encoding="UTF-8"?>
<!-- Generated by org.testng.reporters.JUnitReportReporter -->
<testsuite hostname="Hope" failures="0" tests="1" name="day28.Practice3" time="1.119" errors="0" timestamp="2023-03-06T16:34:46 IST" skipped="0">
  <testcase classname="day28.Practice3" name="test" time="1.119"/>
  <system-out/>
</testsuite> <!-- day28.Practice3 -->
