<?xml version="1.0" encoding="UTF-8"?>
<!-- Generated by org.testng.reporters.JUnitReportReporter -->
<testsuite hostname="Hope" failures="0" tests="1" name="scripts.ValidActiTimeLogin" time="13.345" errors="0" timestamp="2023-03-08T13:58:04 IST" skipped="0">
  <testcase classname="scripts.ValidActiTimeLogin" name="testValidLogin" time="13.345"/>
  <system-out>
    <![CDATA[ActiTime Home page is displayed]]>
  </system-out>
</testsuite> <!-- scripts.ValidActiTimeLogin -->
