<?xml version="1.0" encoding="UTF-8"?>
<!-- Generated by org.testng.reporters.JUnitReportReporter -->
<testsuite hostname="Hope" failures="0" tests="1" name="day28.Practice5" time="17.393" errors="0" timestamp="2023-03-06T17:30:25 IST" skipped="0">
  <testcase classname="day28.Practice5" name="test" time="17.393"/>
  <system-out/>
</testsuite> <!-- day28.Practice5 -->
