<?xml version="1.0" encoding="UTF-8"?>
<!-- Generated by org.testng.reporters.JUnitReportReporter -->
<testsuite hostname="Hope" failures="0" tests="1" name="day28.Practice7" time="13.707" errors="0" timestamp="2023-03-06T22:00:31 IST" skipped="0">
  <testcase classname="day28.Practice7" name="test" time="13.707"/>
  <system-out/>
</testsuite> <!-- day28.Practice7 -->
