<?xml version="1.0" encoding="UTF-8"?>
<!-- Generated by org.testng.reporters.JUnitReportReporter -->
<testsuite hostname="Hope" failures="0" tests="1" name="day28.Practice4" time="1.104" errors="0" timestamp="2023-03-06T17:02:14 IST" skipped="0">
  <testcase classname="day28.Practice4" name="test" time="1.104"/>
  <system-out/>
</testsuite> <!-- day28.Practice4 -->
