<?xml version="1.0" encoding="UTF-8"?>
<!-- Generated by org.testng.reporters.JUnitReportReporter -->
<testsuite hostname="Hope" failures="0" tests="1" name="scripts.InvalidActiTimeLogin" time="11.629" errors="0" timestamp="2023-03-08T14:00:51 IST" skipped="0">
  <testcase classname="scripts.InvalidActiTimeLogin" name="testInvalidLogin" time="11.629"/>
  <system-out>
    <![CDATA[Error Message is displayed]]>
  </system-out>
</testsuite> <!-- scripts.InvalidActiTimeLogin -->
