<?xml version="1.0" encoding="UTF-8"?>
<!-- Generated by org.testng.reporters.JUnitReportReporter -->
<testsuite hostname="Hope" failures="0" tests="1" name="scripts.ActiTimeloginTest" time="13.776" errors="0" timestamp="2023-03-08T12:25:11 IST" skipped="0">
  <testcase classname="scripts.ActiTimeloginTest" name="VerifyActiTimeLogin" time="13.776"/>
  <system-out>
    <![CDATA[ActiTime Home page is displayed]]>
  </system-out>
</testsuite> <!-- scripts.ActiTimeloginTest -->
