<?xml version="1.0" encoding="UTF-8"?>
<!-- Generated by org.testng.reporters.JUnitReportReporter -->
<testsuite hostname="Hope" failures="0" tests="1" name="day28.Practice1" time="11.666" errors="0" timestamp="2023-03-06T15:50:42 IST" skipped="0">
  <testcase classname="day28.Practice1" name="test" time="11.666"/>
  <system-out/>
</testsuite> <!-- day28.Practice1 -->
