<?xml version="1.0" encoding="UTF-8"?>
<!-- Generated by org.testng.reporters.JUnitReportReporter -->
<testsuite hostname="Hope" failures="0" tests="1" name="day28.Practice6" time="1.305" errors="0" timestamp="2023-03-06T21:30:28 IST" skipped="0">
  <testcase classname="day28.Practice6" name="test" time="1.305"/>
  <system-out/>
</testsuite> <!-- day28.Practice6 -->
